android/app/build/intermediates/manifest_merge_blame_file/debug/manifest-merger-blame-debug-report.txt
1<?xml version="1.0" encoding="utf-8"?>
2<manifest xmlns:android="http://schemas.android.com/apk/res/android"
3    package="pl.boggle.tv"
4    android:versionCode="2"
5    android:versionName="1.1" >
6
7    <uses-sdk
8        android:minSdkVersion="21"
9        android:targetSdkVersion="34" />
10
11    <uses-permission android:name="android.permission.INTERNET" />
11-->src/main/AndroidManifest.xml:4:5-67
11-->src/main/AndroidManifest.xml:4:22-64
12    <uses-permission android:name="android.permission.ACCESS_NETWORK_STATE" />
12-->src/main/AndroidManifest.xml:5:5-79
12-->src/main/AndroidManifest.xml:5:22-76
13    <uses-permission android:name="android.permission.ACCESS_WIFI_STATE" />
13-->src/main/AndroidManifest.xml:6:5-76
13-->src/main/AndroidManifest.xml:6:22-73
14
15    <!-- Declare this is a TV app (no touchscreen required) -->
16    <uses-feature
16-->src/main/AndroidManifest.xml:9:5-86
17        android:name="android.software.leanback"
17-->src/main/AndroidManifest.xml:9:19-59
18        android:required="true" />
18-->src/main/AndroidManifest.xml:9:60-83
19    <uses-feature
19-->src/main/AndroidManifest.xml:10:5-90
20        android:name="android.hardware.touchscreen"
20-->src/main/AndroidManifest.xml:10:19-62
21        android:required="false" />
21-->src/main/AndroidManifest.xml:10:63-87
22
23    <permission
23-->[androidx.core:core:1.12.0] AndroidManifest.xml:22:5-24:47
24        android:name="pl.boggle.tv.DYNAMIC_RECEIVER_NOT_EXPORTED_PERMISSION"
24-->[androidx.core:core:1.12.0] AndroidManifest.xml:23:9-81
25        android:protectionLevel="signature" />
25-->[androidx.core:core:1.12.0] AndroidManifest.xml:24:9-44
26
27    <uses-permission android:name="pl.boggle.tv.DYNAMIC_RECEIVER_NOT_EXPORTED_PERMISSION" />
27-->[androidx.core:core:1.12.0] AndroidManifest.xml:26:5-97
27-->[androidx.core:core:1.12.0] AndroidManifest.xml:26:22-94
28
29    <application
29-->src/main/AndroidManifest.xml:12:5-35:19
30        android:allowBackup="true"
30-->src/main/AndroidManifest.xml:13:9-35
31        android:appComponentFactory="androidx.core.app.CoreComponentFactory"
31-->[androidx.core:core:1.12.0] AndroidManifest.xml:28:18-86
32        android:banner="@drawable/banner"
32-->src/main/AndroidManifest.xml:15:9-42
33        android:debuggable="true"
34        android:extractNativeLibs="true"
35        android:icon="@mipmap/ic_launcher"
35-->src/main/AndroidManifest.xml:14:9-43
36        android:isGame="true"
36-->src/main/AndroidManifest.xml:20:9-30
37        android:label="Boggle"
37-->src/main/AndroidManifest.xml:16:9-31
38        android:supportsRtl="true"
38-->src/main/AndroidManifest.xml:17:9-35
39        android:theme="@style/Theme.BoggleTV"
39-->src/main/AndroidManifest.xml:18:9-46
40        android:usesCleartextTraffic="true" >
40-->src/main/AndroidManifest.xml:19:9-44
41        <activity
41-->src/main/AndroidManifest.xml:22:9-34:20
42            android:name="pl.boggle.tv.MainActivity"
42-->src/main/AndroidManifest.xml:23:13-41
43            android:configChanges="orientation|screenSize|keyboardHidden"
43-->src/main/AndroidManifest.xml:26:13-74
44            android:exported="true"
44-->src/main/AndroidManifest.xml:24:13-36
45            android:screenOrientation="landscape"
45-->src/main/AndroidManifest.xml:25:13-50
46            android:theme="@style/Theme.BoggleTV" >
46-->src/main/AndroidManifest.xml:27:13-50
47
48            <!-- Android TV Launcher -->
49            <intent-filter>
49-->src/main/AndroidManifest.xml:30:13-33:29
50                <action android:name="android.intent.action.MAIN" />
50-->src/main/AndroidManifest.xml:31:17-69
50-->src/main/AndroidManifest.xml:31:25-66
51
52                <category android:name="android.intent.category.LEANBACK_LAUNCHER" />
52-->src/main/AndroidManifest.xml:32:17-86
52-->src/main/AndroidManifest.xml:32:27-83
53            </intent-filter>
54        </activity>
55    </application>
56
57</manifest>